c:\users\xys\documents\课程\计算机动画和交互技术\作业\openglhomework01\openglhomework01\x64\debug\vc141.pdb
c:\users\xys\documents\课程\计算机动画和交互技术\作业\openglhomework01\openglhomework01\x64\debug\vc141.idb
c:\users\xys\documents\课程\计算机动画和交互技术\作业\openglhomework01\openglhomework01\x64\debug\gl3w.obj
c:\users\xys\documents\课程\计算机动画和交互技术\作业\openglhomework01\openglhomework01\x64\debug\texture.obj
c:\users\xys\documents\课程\计算机动画和交互技术\作业\openglhomework01\openglhomework01\x64\debug\shapes.obj
c:\users\xys\documents\课程\计算机动画和交互技术\作业\openglhomework01\openglhomework01\x64\debug\shader.obj
c:\users\xys\documents\课程\计算机动画和交互技术\作业\openglhomework01\openglhomework01\x64\debug\mymath.obj
c:\users\xys\documents\课程\计算机动画和交互技术\作业\openglhomework01\openglhomework01\x64\debug\modelloader.obj
c:\users\xys\documents\课程\计算机动画和交互技术\作业\openglhomework01\openglhomework01\x64\debug\main.obj
c:\users\xys\documents\课程\计算机动画和交互技术\作业\openglhomework01\openglhomework01\x64\debug\drawcommand.obj
c:\users\xys\documents\课程\计算机动画和交互技术\作业\openglhomework01\openglhomework01\x64\debug\camera.obj
c:\users\xys\documents\课程\计算机动画和交互技术\作业\openglhomework01\openglhomework01\x64\debug\sphere.obj
c:\users\xys\documents\课程\计算机动画和交互技术\作业\openglhomework01\x64\debug\openglhomework01.pdb
c:\users\xys\documents\课程\计算机动画和交互技术\作业\openglhomework01\openglhomework01\x64\debug\openglhomework01.tlog\cl.command.1.tlog
c:\users\xys\documents\课程\计算机动画和交互技术\作业\openglhomework01\openglhomework01\x64\debug\openglhomework01.tlog\cl.read.1.tlog
c:\users\xys\documents\课程\计算机动画和交互技术\作业\openglhomework01\openglhomework01\x64\debug\openglhomework01.tlog\cl.write.1.tlog
c:\users\xys\documents\课程\计算机动画和交互技术\作业\openglhomework01\openglhomework01\x64\debug\openglhomework01.tlog\link-cvtres.read.1.tlog
c:\users\xys\documents\课程\计算机动画和交互技术\作业\openglhomework01\openglhomework01\x64\debug\openglhomework01.tlog\link-cvtres.write.1.tlog
c:\users\xys\documents\课程\计算机动画和交互技术\作业\openglhomework01\openglhomework01\x64\debug\openglhomework01.tlog\link-rc.read.1.tlog
c:\users\xys\documents\课程\计算机动画和交互技术\作业\openglhomework01\openglhomework01\x64\debug\openglhomework01.tlog\link-rc.write.1.tlog
c:\users\xys\documents\课程\计算机动画和交互技术\作业\openglhomework01\openglhomework01\x64\debug\openglhomework01.tlog\link.command.1.tlog
c:\users\xys\documents\课程\计算机动画和交互技术\作业\openglhomework01\openglhomework01\x64\debug\openglhomework01.tlog\link.read.1.tlog
c:\users\xys\documents\课程\计算机动画和交互技术\作业\openglhomework01\openglhomework01\x64\debug\openglhomework01.tlog\link.write.1.tlog
