  main.cpp
E:\visual studio\VC\Tools\MSVC\14.12.25827\include\GL/gl.h : warning C4819: 该文件包含不能在当前代码页(936)中表示的字符。请将该文件保存为 Unicode 格式以防止数据丢失
main.cpp(28): warning C4838: 从“double”转换到“const GLfloat”需要收缩转换
main.cpp(28): warning C4305: “初始化”: 从“double”到“const GLfloat”截断
main.cpp(29): warning C4838: 从“double”转换到“const GLfloat”需要收缩转换
main.cpp(29): warning C4305: “初始化”: 从“double”到“const GLfloat”截断
main.cpp(30): warning C4838: 从“double”转换到“const GLfloat”需要收缩转换
main.cpp(30): warning C4305: “初始化”: 从“double”到“const GLfloat”截断
main.cpp(31): warning C4838: 从“double”转换到“const GLfloat”需要收缩转换
main.cpp(31): warning C4305: “初始化”: 从“double”到“const GLfloat”截断
main.cpp(32): warning C4838: 从“double”转换到“const GLfloat”需要收缩转换
main.cpp(32): warning C4305: “初始化”: 从“double”到“const GLfloat”截断
main.cpp(33): warning C4838: 从“double”转换到“const GLfloat”需要收缩转换
main.cpp(33): warning C4305: “初始化”: 从“double”到“const GLfloat”截断
main.cpp(35): warning C4838: 从“double”转换到“const GLfloat”需要收缩转换
main.cpp(35): warning C4305: “初始化”: 从“double”到“const GLfloat”截断
  正在生成代码
  0 of 505 functions ( 0.0%) were compiled, the rest were copied from previous compilation.
    0 functions were new in current compilation
    0 functions had inline decision re-evaluated but remain unchanged
  已完成代码的生成
  OpenGL_First_Homework.vcxproj -> F:\Projects\OpenGL\Project03\OpenGL_First_Homework\x64\Release\OpenGL_First_Homework.exe
