生成启动时间为 2018/12/18 17:12:39。
     1>项目“C:\Users\shayue\Desktop\opengl\作业\Project1\Project1\Project1.vcxproj”在节点 2 上(Build 个目标)。
     1>ClCompile:
         C:\Program Files (x86)\Microsoft Visual Studio 12.0\VC\bin\CL.exe /c /I"C:\Users\shayue\Desktop\opengl\作业\Project1\Project1\glm" /ZI /nologo /W3 /WX- /sdl /Od /Oy- /D _MBCS /Gm /EHsc /RTC1 /MDd /GS /fp:precise /Zc:wchar_t /Zc:forScope /Fo"Debug\\" /Fd"Debug\vc120.pdb" /Gd /TP /analyze- /errorReport:prompt 1.cpp
         1.cpp
     1>c:\users\shayue\desktop\opengl\作业\project1\project1\1.cpp(201): warning C4244: “初始化”: 从“double”转换到“float”，可能丢失数据
     1>c:\users\shayue\desktop\opengl\作业\project1\project1\1.cpp(267): warning C4244: “初始化”: 从“double”转换到“float”，可能丢失数据
     1>c:\users\shayue\desktop\opengl\作业\project1\project1\1.cpp(293): warning C4244: “=”: 从“double”转换到“float”，可能丢失数据
     1>c:\users\shayue\desktop\opengl\作业\project1\project1\1.cpp(294): warning C4244: “=”: 从“double”转换到“float”，可能丢失数据
     1>c:\users\shayue\desktop\opengl\作业\project1\project1\1.cpp(298): warning C4244: “初始化”: 从“double”转换到“float”，可能丢失数据
     1>c:\users\shayue\desktop\opengl\作业\project1\project1\1.cpp(299): warning C4244: “初始化”: 从“double”转换到“float”，可能丢失数据
     1>c:\users\shayue\desktop\opengl\作业\project1\project1\1.cpp(300): warning C4244: “=”: 从“double”转换到“float”，可能丢失数据
     1>c:\users\shayue\desktop\opengl\作业\project1\project1\1.cpp(301): warning C4244: “=”: 从“double”转换到“float”，可能丢失数据
     1>c:\users\shayue\desktop\opengl\作业\project1\project1\1.cpp(328): warning C4244: “-=”: 从“double”转换到“float”，可能丢失数据
       Link:
         C:\Program Files (x86)\Microsoft Visual Studio 12.0\VC\bin\link.exe /ERRORREPORT:PROMPT /OUT:"C:\Users\shayue\Desktop\opengl\作业\Project1\Debug\Project1.exe" /INCREMENTAL /NOLOGO opengl32.lib glfw3.lib freeglutd.lib freeglut_staticd.lib kernel32.lib user32.lib gdi32.lib winspool.lib comdlg32.lib advapi32.lib shell32.lib ole32.lib oleaut32.lib uuid.lib odbc32.lib odbccp32.lib /MANIFEST /MANIFESTUAC:"level='asInvoker' uiAccess='false'" /manifest:embed /DEBUG /PDB:"C:\Users\shayue\Desktop\opengl\作业\Project1\Debug\Project1.pdb" /TLBID:1 /DYNAMICBASE /NXCOMPAT /IMPLIB:"C:\Users\shayue\Desktop\opengl\作业\Project1\Debug\Project1.lib" /MACHINE:X86 Debug\glad.obj
         Debug\1.obj
         Debug\untils.obj
         Project1.vcxproj -> C:\Users\shayue\Desktop\opengl\作业\Project1\Debug\Project1.exe
     1>已完成生成项目“C:\Users\shayue\Desktop\opengl\作业\Project1\Project1\Project1.vcxproj”(Build 个目标)的操作。

生成成功。

已用时间 00:00:02.17
