c:\users\administrator\source\repos\lin-opengl-project1\lin-opengl-project1\release\vc141.pdb
c:\users\administrator\source\repos\lin-opengl-project1\lin-opengl-project1\release\glad.obj
c:\users\administrator\source\repos\lin-opengl-project1\lin-opengl-project1\release\stb_image_impl.obj
c:\users\administrator\source\repos\lin-opengl-project1\lin-opengl-project1\release\main.obj
c:\users\administrator\source\repos\lin-opengl-project1\release\lin-opengl-project1.ipdb
c:\users\administrator\source\repos\lin-opengl-project1\release\lin-opengl-project1.iobj
c:\users\administrator\source\repos\lin-opengl-project1\release\lin-opengl-project1.exe
c:\users\administrator\source\repos\lin-opengl-project1\release\lin-opengl-project1.pdb
e:\ry\3d\code\lin-opengl-project1\lin-opengl-project1\release\glad.obj
e:\ry\3d\code\lin-opengl-project1\lin-opengl-project1\release\main.obj
e:\ry\3d\code\lin-opengl-project1\lin-opengl-project1\release\stb_image_impl.obj
e:\ry\3d\code\lin-opengl-project1\lin-opengl-project1\release\vc141.pdb
e:\ry\3d\code\lin-opengl-project1\release\lin-opengl-project1.pdb
e:\ry\3d\code\lin-opengl-project1\release\lin-opengl-project1.exe
e:\ry\3d\code\lin-opengl-project1\lin-opengl-project1\release\lin-open.13bef11d.tlog\cl.command.1.tlog
e:\ry\3d\code\lin-opengl-project1\lin-opengl-project1\release\lin-open.13bef11d.tlog\cl.read.1.tlog
e:\ry\3d\code\lin-opengl-project1\lin-opengl-project1\release\lin-open.13bef11d.tlog\cl.write.1.tlog
e:\ry\3d\code\lin-opengl-project1\lin-opengl-project1\release\lin-open.13bef11d.tlog\lin-opengl-project1.write.1u.tlog
e:\ry\3d\code\lin-opengl-project1\lin-opengl-project1\release\lin-open.13bef11d.tlog\link.command.1.tlog
e:\ry\3d\code\lin-opengl-project1\lin-opengl-project1\release\lin-open.13bef11d.tlog\link.read.1.tlog
e:\ry\3d\code\lin-opengl-project1\lin-opengl-project1\release\lin-open.13bef11d.tlog\link.write.1.tlog
