  my.cpp
f:\21851130吉文越\project3\project3\skyboxes.cpp(171): warning C4018: “<”: 有符号/无符号不匹配
f:\21851130吉文越\project3\project3\skyboxes.cpp(187): warning C4018: “<”: 有符号/无符号不匹配
f:\21851130吉文越\project3\project3\skyboxes.cpp(221): warning C4244: “参数”: 从“int”转换到“GLfloat”，可能丢失数据
f:\21851130吉文越\project3\project3\skyboxes.cpp(223): warning C4244: “参数”: 从“int”转换到“GLfloat”，可能丢失数据
f:\21851130吉文越\project3\project3\skyboxes.cpp(224): warning C4244: “参数”: 从“int”转换到“GLfloat”，可能丢失数据
f:\21851130吉文越\project3\project3\skyboxes.cpp(225): warning C4244: “参数”: 从“GLint”转换到“GLfloat”，可能丢失数据
f:\21851130吉文越\project3\project3\skyboxes.cpp(225): warning C4244: “参数”: 从“int”转换到“GLfloat”，可能丢失数据
f:\21851130吉文越\project3\project3\skyboxes.cpp(226): warning C4244: “参数”: 从“GLint”转换到“GLfloat”，可能丢失数据
f:\21851130吉文越\project3\project3\skyboxes.cpp(226): warning C4244: “参数”: 从“int”转换到“GLfloat”，可能丢失数据
f:\21851130吉文越\project3\project3\skyboxes.cpp(235): warning C4244: “参数”: 从“int”转换到“GLfloat”，可能丢失数据
f:\21851130吉文越\project3\project3\skyboxes.cpp(237): warning C4244: “参数”: 从“int”转换到“GLfloat”，可能丢失数据
f:\21851130吉文越\project3\project3\skyboxes.cpp(238): warning C4244: “参数”: 从“int”转换到“GLfloat”，可能丢失数据
f:\21851130吉文越\project3\project3\skyboxes.cpp(239): warning C4244: “参数”: 从“int”转换到“GLfloat”，可能丢失数据
f:\21851130吉文越\project3\project3\skyboxes.cpp(239): warning C4244: “参数”: 从“GLint”转换到“GLfloat”，可能丢失数据
f:\21851130吉文越\project3\project3\skyboxes.cpp(240): warning C4244: “参数”: 从“int”转换到“GLfloat”，可能丢失数据
f:\21851130吉文越\project3\project3\skyboxes.cpp(240): warning C4244: “参数”: 从“GLint”转换到“GLfloat”，可能丢失数据
f:\21851130吉文越\project3\project3\skyboxes.cpp(249): warning C4244: “参数”: 从“int”转换到“GLfloat”，可能丢失数据
f:\21851130吉文越\project3\project3\skyboxes.cpp(251): warning C4244: “参数”: 从“int”转换到“GLfloat”，可能丢失数据
f:\21851130吉文越\project3\project3\skyboxes.cpp(252): warning C4244: “参数”: 从“int”转换到“GLfloat”，可能丢失数据
f:\21851130吉文越\project3\project3\skyboxes.cpp(253): warning C4244: “参数”: 从“GLint”转换到“GLfloat”，可能丢失数据
f:\21851130吉文越\project3\project3\skyboxes.cpp(253): warning C4244: “参数”: 从“int”转换到“GLfloat”，可能丢失数据
f:\21851130吉文越\project3\project3\skyboxes.cpp(254): warning C4244: “参数”: 从“GLint”转换到“GLfloat”，可能丢失数据
f:\21851130吉文越\project3\project3\skyboxes.cpp(254): warning C4244: “参数”: 从“int”转换到“GLfloat”，可能丢失数据
f:\21851130吉文越\project3\project3\skyboxes.cpp(263): warning C4244: “参数”: 从“int”转换到“GLfloat”，可能丢失数据
f:\21851130吉文越\project3\project3\skyboxes.cpp(265): warning C4244: “参数”: 从“int”转换到“GLfloat”，可能丢失数据
f:\21851130吉文越\project3\project3\skyboxes.cpp(266): warning C4244: “参数”: 从“int”转换到“GLfloat”，可能丢失数据
f:\21851130吉文越\project3\project3\skyboxes.cpp(267): warning C4244: “参数”: 从“int”转换到“GLfloat”，可能丢失数据
f:\21851130吉文越\project3\project3\skyboxes.cpp(267): warning C4244: “参数”: 从“GLint”转换到“GLfloat”，可能丢失数据
f:\21851130吉文越\project3\project3\skyboxes.cpp(268): warning C4244: “参数”: 从“int”转换到“GLfloat”，可能丢失数据
f:\21851130吉文越\project3\project3\skyboxes.cpp(268): warning C4244: “参数”: 从“GLint”转换到“GLfloat”，可能丢失数据
f:\21851130吉文越\project3\project3\skyboxes.cpp(277): warning C4244: “参数”: 从“int”转换到“GLfloat”，可能丢失数据
f:\21851130吉文越\project3\project3\skyboxes.cpp(279): warning C4244: “参数”: 从“int”转换到“GLfloat”，可能丢失数据
f:\21851130吉文越\project3\project3\skyboxes.cpp(280): warning C4244: “参数”: 从“int”转换到“GLfloat”，可能丢失数据
f:\21851130吉文越\project3\project3\skyboxes.cpp(281): warning C4244: “参数”: 从“int”转换到“GLfloat”，可能丢失数据
f:\21851130吉文越\project3\project3\skyboxes.cpp(282): warning C4244: “参数”: 从“int”转换到“GLfloat”，可能丢失数据
f:\21851130吉文越\project3\project3\skyboxes.cpp(291): warning C4244: “参数”: 从“GLint”转换到“GLfloat”，可能丢失数据
f:\21851130吉文越\project3\project3\skyboxes.cpp(291): warning C4244: “参数”: 从“int”转换到“GLfloat”，可能丢失数据
f:\21851130吉文越\project3\project3\skyboxes.cpp(401): warning C4018: “<”: 有符号/无符号不匹配
f:\21851130吉文越\project3\project3\model.h(12): warning C4305: “初始化”: 从“double”到“float”截断
f:\21851130吉文越\project3\project3\model.cpp(32): warning C4018: “<”: 有符号/无符号不匹配
f:\21851130吉文越\project3\project3\model.cpp(199): warning C4305: “参数”: 从“int”到“char”截断
f:\21851130吉文越\project3\project3\model.cpp(199): warning C4309: “参数”: 截断常量值
f:\21851130吉文越\project3\project3\model.cpp(251): warning C4101: “temp”: 未引用的局部变量
f:\21851130吉文越\project3\project3\model.cpp(324): warning C4244: “=”: 从“double”转换到“GLfloat”，可能丢失数据
f:\21851130吉文越\project3\project3\model.cpp(325): warning C4244: “=”: 从“double”转换到“GLfloat”，可能丢失数据
f:\21851130吉文越\project3\project3\model.cpp(326): warning C4244: “=”: 从“double”转换到“GLfloat”，可能丢失数据
f:\21851130吉文越\project3\project3\model.cpp(343): warning C4244: “+=”: 从“double”转换到“GLfloat”，可能丢失数据
f:\21851130吉文越\project3\project3\dynamic.cpp(36): warning C4018: “<”: 有符号/无符号不匹配
f:\21851130吉文越\project3\project3\dynamic.cpp(181): warning C4018: “<”: 有符号/无符号不匹配
f:\21851130吉文越\project3\project3\my.cpp(34): warning C4305: “初始化”: 从“double”到“GLfloat”截断
f:\21851130吉文越\project3\project3\my.cpp(35): warning C4305: “初始化”: 从“double”到“GLfloat”截断
f:\21851130吉文越\project3\project3\my.cpp(59): warning C4305: “初始化”: 从“double”到“GLfloat”截断
f:\21851130吉文越\project3\project3\my.cpp(60): warning C4305: “初始化”: 从“double”到“GLfloat”截断
f:\21851130吉文越\project3\project3\my.cpp(231): warning C4244: “参数”: 从“GLfloat”转换到“GLint”，可能丢失数据
f:\21851130吉文越\project3\project3\my.cpp(290): warning C4244: “=”: 从“int”转换到“GLfloat”，可能丢失数据
f:\21851130吉文越\project3\project3\my.cpp(291): warning C4244: “=”: 从“int”转换到“GLfloat”，可能丢失数据
f:\21851130吉文越\project3\project3\my.cpp(351): warning C4244: “=”: 从“double”转换到“GLfloat”，可能丢失数据
f:\21851130吉文越\project3\project3\my.cpp(352): warning C4244: “=”: 从“double”转换到“GLfloat”，可能丢失数据
f:\21851130吉文越\project3\project3\my.cpp(360): warning C4244: “=”: 从“double”转换到“GLfloat”，可能丢失数据
f:\21851130吉文越\project3\project3\my.cpp(361): warning C4244: “=”: 从“double”转换到“GLfloat”，可能丢失数据
f:\21851130吉文越\project3\project3\my.cpp(369): warning C4244: “=”: 从“double”转换到“GLfloat”，可能丢失数据
f:\21851130吉文越\project3\project3\my.cpp(370): warning C4244: “=”: 从“double”转换到“GLfloat”，可能丢失数据
f:\21851130吉文越\project3\project3\my.cpp(379): warning C4244: “=”: 从“double”转换到“GLfloat”，可能丢失数据
f:\21851130吉文越\project3\project3\my.cpp(380): warning C4244: “=”: 从“double”转换到“GLfloat”，可能丢失数据
f:\21851130吉文越\project3\project3\my.cpp(396): warning C4018: “>=”: 有符号/无符号不匹配
f:\21851130吉文越\project3\project3\my.cpp(439): warning C4305: “参数”: 从“double”到“GLfloat”截断
f:\21851130吉文越\project3\project3\my.cpp(465): warning C4018: “<”: 有符号/无符号不匹配
  Project3.vcxproj -> F:\21851130吉文越\Project3\Debug\Project3.exe
