  BallDefinition.cpp
c:\users\16213\source\repos\project6\project6\balldefinition.cpp(29): warning C4244: “参数”: 从“double”转换到“GLfloat”，可能丢失数据
c:\users\16213\source\repos\project6\project6\balldefinition.cpp(28): warning C4244: “参数”: 从“double”转换到“GLfloat”，可能丢失数据
c:\users\16213\source\repos\project6\project6\balldefinition.cpp(37): warning C4244: “参数”: 从“double”转换到“GLfloat”，可能丢失数据
c:\users\16213\source\repos\project6\project6\balldefinition.cpp(36): warning C4244: “参数”: 从“double”转换到“GLfloat”，可能丢失数据
  main.cpp
c:\users\16213\source\repos\project6\project6\main.cpp(40): warning C4305: “参数”: 从“double”到“Float”截断
c:\users\16213\source\repos\project6\project6\main.cpp(42): warning C4305: “=”: 从“double”到“GLfloat”截断
c:\users\16213\source\repos\project6\project6\main.cpp(43): warning C4305: “参数”: 从“double”到“Float”截断
c:\users\16213\source\repos\project6\project6\main.cpp(45): warning C4305: “=”: 从“double”到“GLfloat”截断
c:\users\16213\source\repos\project6\project6\main.cpp(46): warning C4305: “参数”: 从“double”到“Float”截断
c:\users\16213\source\repos\project6\project6\main.cpp(49): warning C4305: “参数”: 从“double”到“Float”截断
c:\users\16213\source\repos\project6\project6\main.cpp(52): warning C4305: “参数”: 从“double”到“Float”截断
c:\users\16213\source\repos\project6\project6\main.cpp(57): warning C4305: “参数”: 从“double”到“Float”截断
c:\users\16213\source\repos\project6\project6\main.cpp(60): warning C4305: “参数”: 从“double”到“Float”截断
c:\users\16213\source\repos\project6\project6\main.cpp(65): warning C4305: “参数”: 从“double”到“Float”截断
c:\users\16213\source\repos\project6\project6\main.cpp(67): warning C4305: “=”: 从“double”到“GLfloat”截断
c:\users\16213\source\repos\project6\project6\main.cpp(68): warning C4305: “参数”: 从“double”到“Float”截断
c:\users\16213\source\repos\project6\project6\main.cpp(71): warning C4305: “参数”: 从“double”到“Float”截断
c:\users\16213\source\repos\project6\project6\main.cpp(83): warning C4305: “参数”: 从“double”到“GLclampf”截断
c:\users\16213\source\repos\project6\project6\main.cpp(120): warning C4102: “case27”: 未引用的标签
  正在生成代码...
  Project6.vcxproj -> C:\Users\16213\source\repos\Project6\Debug\Project6.exe
