  Draw_planets.cpp
E:\visual studio\VC\Tools\MSVC\14.12.25827\include\GL/gl.h : warning C4819: 该文件包含不能在当前代码页(936)中表示的字符。请将该文件保存为 Unicode 格式以防止数据丢失
Draw_planets.cpp(30): warning C4244: “+=”: 从“double”转换到“float”，可能丢失数据
Draw_planets.cpp(31): warning C4244: “=”: 从“int”转换到“float”，可能丢失数据
Draw_planets.cpp(38): warning C4244: “=”: 从“int”转换到“float”，可能丢失数据
Draw_planets.cpp(39): warning C4244: “=”: 从“int”转换到“float”，可能丢失数据
Draw_planets.cpp(180): warning C4838: 从“double”转换到“GLfloat”需要收缩转换
Draw_planets.cpp(180): warning C4305: “初始化”: 从“double”到“GLfloat”截断
Draw_planets.cpp(209): warning C4838: 从“double”转换到“GLfloat”需要收缩转换
Draw_planets.cpp(209): warning C4305: “初始化”: 从“double”到“GLfloat”截断
Draw_planets.cpp(235): warning C4305: “参数”: 从“double”到“GLfloat”截断
Draw_planets.cpp(243): warning C4305: “参数”: 从“double”到“GLfloat”截断
Draw_planets.cpp(245): warning C4305: “参数”: 从“double”到“GLfloat”截断
  正在生成代码
  15 of 15 functions (100.0%) were compiled, the rest were copied from previous compilation.
    2 functions were new in current compilation
    0 functions had inline decision re-evaluated but remain unchanged
  已完成代码的生成
  OpenGL_First_Homework.vcxproj -> F:\Projects\OpenGL\21851094-沈吴越-Project2\Project03\OpenGL_Third_Homework\x64\Release\OpenGL_First_Homework.exe
F:\Projects\OpenGL\21851094-沈吴越-Project2\Project03\OpenGL_Third_Homework\packages\nupengl.core.redist.0.1.0.1\build\native\nupengl.core.redist.targets(87,5): error MSB3030: 无法复制文件“F:\Projects\OpenGL\21851094-沈吴越-Project2\Project03\OpenGL_Third_Homework\packages\nupengl.core.redist.0.1.0.1\build\native\../..//build/native/bin/x64\visualinfo.exe”，原因是找不到该文件。
