  main.cpp
c:\users\administrator\source\repos\lin-project2\lin-project2\headers\Sphere.h(84): warning C4244: “=”: 从“double”转换到“GLfloat”，可能丢失数据
c:\users\administrator\source\repos\lin-project2\lin-project2\headers\Sphere.h(85): warning C4244: “初始化”: 从“GLfloat”转换到“unsigned int”，可能丢失数据
c:\users\administrator\source\repos\lin-project2\lin-project2\headers\Sphere.h(86): warning C4244: “初始化”: 从“double”转换到“float”，可能丢失数据
c:\users\administrator\source\repos\lin-project2\lin-project2\headers\Sphere.h(87): warning C4244: “初始化”: 从“double”转换到“float”，可能丢失数据
c:\users\administrator\source\repos\lin-project2\lin-project2\headers\Sphere.h(101): warning C4244: “初始化”: 从“double”转换到“float”，可能丢失数据
c:\users\administrator\source\repos\lin-project2\lin-project2\headers\Sphere.h(102): warning C4244: “初始化”: 从“double”转换到“float”，可能丢失数据
c:\users\administrator\source\repos\lin-project2\lin-project2\headers\Sphere.h(112): warning C4244: “初始化”: 从“double”转换到“float”，可能丢失数据
c:\users\administrator\source\repos\lin-project2\lin-project2\headers\Sphere.h(113): warning C4244: “初始化”: 从“double”转换到“float”，可能丢失数据
c:\users\administrator\source\repos\lin-project2\lin-project2\headers\Sphere.h(124): warning C4244: “初始化”: 从“double”转换到“float”，可能丢失数据
c:\users\administrator\source\repos\lin-project2\lin-project2\headers\Sphere.h(125): warning C4244: “初始化”: 从“double”转换到“float”，可能丢失数据
c:\users\administrator\source\repos\lin-project2\lin-project2\headers\Sphere.h(147): warning C4244: “初始化”: 从“double”转换到“float”，可能丢失数据
c:\users\administrator\source\repos\lin-project2\lin-project2\headers\Sphere.h(148): warning C4244: “初始化”: 从“double”转换到“float”，可能丢失数据
main.cpp(84): warning C4244: “参数”: 从“GLfloat”转换到“GLsizeiptr”，可能丢失数据
main.cpp(100): warning C4244: “参数”: 从“GLfloat”转换到“GLsizeiptr”，可能丢失数据
main.cpp(163): warning C4244: “参数”: 从“GLfloat”转换到“GLsizei”，可能丢失数据
main.cpp(196): warning C4244: “参数”: 从“GLfloat”转换到“GLsizei”，可能丢失数据
main.cpp(219): warning C4244: “参数”: 从“GLfloat”转换到“GLsizei”，可能丢失数据
main.cpp(242): warning C4244: “初始化”: 从“double”转换到“float”，可能丢失数据
main.cpp(269): warning C4244: “=”: 从“double”转换到“float”，可能丢失数据
main.cpp(270): warning C4244: “=”: 从“double”转换到“float”，可能丢失数据
main.cpp(274): warning C4244: “初始化”: 从“double”转换到“float”，可能丢失数据
main.cpp(275): warning C4244: “初始化”: 从“double”转换到“float”，可能丢失数据
main.cpp(277): warning C4244: “=”: 从“double”转换到“float”，可能丢失数据
main.cpp(278): warning C4244: “=”: 从“double”转换到“float”，可能丢失数据
main.cpp(287): warning C4244: “参数”: 从“double”转换到“float”，可能丢失数据
LINK : warning LNK4098: 默认库“LIBCMT”与其他库的使用冲突；请使用 /NODEFAULTLIB:library
  正在生成代码
  4 of 650 functions ( 0.6%) were compiled, the rest were copied from previous compilation.
    0 functions were new in current compilation
    7 functions had inline decision re-evaluated but remain unchanged
  已完成代码的生成
  Lin-Project2.vcxproj -> C:\Users\Administrator\source\repos\Lin-Project2\Release\Lin-Project2.exe
